<?xml version="1.0" encoding="UTF-8"?>
<testng-results skipped="0" failed="0" ignored="0" total="1" passed="1">
  <reporter-output>
  </reporter-output>
  <suite name="Suite" duration-ms="38947" started-at="2023-01-21T16:45:46 EST" finished-at="2023-01-21T16:46:25 EST">
    <groups>
    </groups>
    <test name="Test" duration-ms="38947" started-at="2023-01-21T16:45:46 EST" finished-at="2023-01-21T16:46:25 EST">
      <class name="testcases.TestCase1">
        <test-method status="PASS" signature="beforeSuite()[pri:0, instance:testcases.TestCase1@a434c8]" name="beforeSuite" is-config="true" duration-ms="432" started-at="2023-01-21T16:45:46 EST" finished-at="2023-01-21T16:45:46 EST">
          <reporter-output>
          </reporter-output>
        </test-method> <!-- beforeSuite -->
        <test-method status="PASS" signature="beforeTest()[pri:0, instance:testcases.TestCase1@a434c8]" name="beforeTest" is-config="true" duration-ms="0" started-at="2023-01-21T16:45:46 EST" finished-at="2023-01-21T16:45:46 EST">
          <reporter-output>
          </reporter-output>
        </test-method> <!-- beforeTest -->
        <test-method status="PASS" signature="setData()[pri:0, instance:testcases.TestCase1@a434c8]" name="setData" is-config="true" duration-ms="0" started-at="2023-01-21T16:45:46 EST" finished-at="2023-01-21T16:45:46 EST">
          <reporter-output>
          </reporter-output>
        </test-method> <!-- setData -->
        <test-method status="PASS" signature="beforeMethod()[pri:0, instance:testcases.TestCase1@a434c8]" name="beforeMethod" is-config="true" duration-ms="5169" started-at="2023-01-21T16:45:46 EST" finished-at="2023-01-21T16:45:51 EST">
          <reporter-output>
          </reporter-output>
        </test-method> <!-- beforeMethod -->
        <test-method status="PASS" signature="testCase1()[pri:0, instance:testcases.TestCase1@a434c8]" name="testCase1" duration-ms="33741" started-at="2023-01-21T16:45:51 EST" finished-at="2023-01-21T16:46:25 EST">
          <reporter-output>
          </reporter-output>
        </test-method> <!-- testCase1 -->
        <test-method status="PASS" signature="afterMethod()[pri:0, instance:testcases.TestCase1@a434c8]" name="afterMethod" is-config="true" duration-ms="0" started-at="2023-01-21T16:46:25 EST" finished-at="2023-01-21T16:46:25 EST">
          <reporter-output>
          </reporter-output>
        </test-method> <!-- afterMethod -->
        <test-method status="PASS" signature="afterTest()[pri:0, instance:testcases.TestCase1@a434c8]" name="afterTest" is-config="true" duration-ms="1" started-at="2023-01-21T16:46:25 EST" finished-at="2023-01-21T16:46:25 EST">
          <reporter-output>
          </reporter-output>
        </test-method> <!-- afterTest -->
        <test-method status="PASS" signature="afterSuite()[pri:0, instance:testcases.TestCase1@a434c8]" name="afterSuite" is-config="true" duration-ms="703" started-at="2023-01-21T16:46:25 EST" finished-at="2023-01-21T16:46:26 EST">
          <reporter-output>
          </reporter-output>
        </test-method> <!-- afterSuite -->
      </class> <!-- testcases.TestCase1 -->
    </test> <!-- Test -->
  </suite> <!-- Suite -->
</testng-results>
