<?xml version="1.0" encoding="UTF-8"?>
<testng-results skipped="0" failed="0" ignored="0" total="1" passed="1">
  <reporter-output>
  </reporter-output>
  <suite name="Suite" duration-ms="71148" started-at="2023-01-22T10:56:05 EST" finished-at="2023-01-22T10:57:16 EST">
    <groups>
    </groups>
    <test name="Test" duration-ms="71148" started-at="2023-01-22T10:56:05 EST" finished-at="2023-01-22T10:57:16 EST">
      <class name="testcases.TestCase1">
        <test-method status="PASS" signature="beforeSuite()[pri:0, instance:testcases.TestCase1@1f02ef2]" name="beforeSuite" is-config="true" duration-ms="457" started-at="2023-01-22T10:56:04 EST" finished-at="2023-01-22T10:56:05 EST">
          <reporter-output>
          </reporter-output>
        </test-method> <!-- beforeSuite -->
        <test-method status="PASS" signature="beforeTest()[pri:0, instance:testcases.TestCase1@1f02ef2]" name="beforeTest" is-config="true" duration-ms="0" started-at="2023-01-22T10:56:05 EST" finished-at="2023-01-22T10:56:05 EST">
          <reporter-output>
          </reporter-output>
        </test-method> <!-- beforeTest -->
        <test-method status="PASS" signature="setData()[pri:0, instance:testcases.TestCase1@1f02ef2]" name="setData" is-config="true" duration-ms="0" started-at="2023-01-22T10:56:05 EST" finished-at="2023-01-22T10:56:05 EST">
          <reporter-output>
          </reporter-output>
        </test-method> <!-- setData -->
        <test-method status="PASS" signature="beforeMethod()[pri:0, instance:testcases.TestCase1@1f02ef2]" name="beforeMethod" is-config="true" duration-ms="7858" started-at="2023-01-22T10:56:05 EST" finished-at="2023-01-22T10:56:13 EST">
          <reporter-output>
          </reporter-output>
        </test-method> <!-- beforeMethod -->
        <test-method status="PASS" signature="testCase1()[pri:0, instance:testcases.TestCase1@1f02ef2]" name="testCase1" duration-ms="63256" started-at="2023-01-22T10:56:13 EST" finished-at="2023-01-22T10:57:16 EST">
          <reporter-output>
          </reporter-output>
        </test-method> <!-- testCase1 -->
        <test-method status="PASS" signature="afterMethod()[pri:0, instance:testcases.TestCase1@1f02ef2]" name="afterMethod" is-config="true" duration-ms="0" started-at="2023-01-22T10:57:16 EST" finished-at="2023-01-22T10:57:16 EST">
          <reporter-output>
          </reporter-output>
        </test-method> <!-- afterMethod -->
        <test-method status="PASS" signature="afterTest()[pri:0, instance:testcases.TestCase1@1f02ef2]" name="afterTest" is-config="true" duration-ms="0" started-at="2023-01-22T10:57:16 EST" finished-at="2023-01-22T10:57:16 EST">
          <reporter-output>
          </reporter-output>
        </test-method> <!-- afterTest -->
        <test-method status="PASS" signature="afterSuite()[pri:0, instance:testcases.TestCase1@1f02ef2]" name="afterSuite" is-config="true" duration-ms="430" started-at="2023-01-22T10:57:16 EST" finished-at="2023-01-22T10:57:16 EST">
          <reporter-output>
          </reporter-output>
        </test-method> <!-- afterSuite -->
      </class> <!-- testcases.TestCase1 -->
    </test> <!-- Test -->
  </suite> <!-- Suite -->
</testng-results>
